{"ts":1661225827028,"level":"info","msg":"Moleculer v0.14.23 is starting...","nodeID":"steedos-primary","ns":"steedos","mod":"broker"}
{"ts":1661225827028,"level":"info","msg":"Namespace: steedos","nodeID":"steedos-primary","ns":"steedos","mod":"broker"}
{"ts":1661225827029,"level":"info","msg":"Node ID: steedos-primary","nodeID":"steedos-primary","ns":"steedos","mod":"broker"}
{"ts":1661225827029,"level":"info","msg":"Strategy: RoundRobinStrategy","nodeID":"steedos-primary","ns":"steedos","mod":"registry"}
{"ts":1661225827029,"level":"info","msg":"Discoverer: LocalDiscoverer","nodeID":"steedos-primary","ns":"steedos","mod":"registry"}
{"ts":1661225827086,"level":"info","msg":"Cacher: RedisCacher","nodeID":"steedos-primary","ns":"steedos","mod":"broker"}
{"ts":1661225827086,"level":"info","msg":"Serializer: JSONSerializer","nodeID":"steedos-primary","ns":"steedos","mod":"broker"}
{"ts":1661225827093,"level":"info","msg":"Validator: FastestValidator","nodeID":"steedos-primary","ns":"steedos","mod":"broker"}
{"ts":1661225827094,"level":"info","msg":"Tracing: Enabled","nodeID":"steedos-primary","ns":"steedos","mod":"tracer"}
{"ts":1661225827094,"level":"info","msg":"Tracing exporter: EventTraceExporter","nodeID":"steedos-primary","ns":"steedos","mod":"tracer"}
{"ts":1661225827095,"level":"info","msg":"Registered 14 middleware(s).","nodeID":"steedos-primary","ns":"steedos","mod":"broker"}
{"ts":1661225827096,"level":"info","msg":"Transporter: RedisTransporter","nodeID":"steedos-primary","ns":"steedos","mod":"broker"}
{"ts":1661225827102,"level":"warn","msg":"Clear all cache entries on startup.","nodeID":"steedos-primary","ns":"steedos","mod":"broker"}
{"ts":1661225829440,"level":"info","msg":"Connecting to the transporter...","nodeID":"steedos-primary","ns":"steedos","mod":"transit"}
{"ts":1661225829441,"level":"info","msg":"Setting Redis transporter","nodeID":"steedos-primary","ns":"steedos","mod":"transporter"}
{"ts":1661225829447,"level":"info","msg":"Redis cacher connected.","nodeID":"steedos-primary","ns":"steedos","mod":"cacher"}
{"ts":1661225829450,"level":"info","msg":"Redis-sub client is connected.","nodeID":"steedos-primary","ns":"steedos","mod":"transporter"}
{"ts":1661225829450,"level":"info","msg":"Setting Redis transporter","nodeID":"steedos-primary","ns":"steedos","mod":"transporter"}
{"ts":1661225829455,"level":"info","msg":"Redis-pub client is connected.","nodeID":"steedos-primary","ns":"steedos","mod":"transporter"}
{"ts":1661225829966,"level":"info","msg":"'$node' service is registered.","nodeID":"steedos-primary","ns":"steedos","mod":"registry"}
{"ts":1661225829966,"level":"info","msg":"Service '$node' started.","nodeID":"steedos-primary","ns":"steedos","mod":"$node","svc":"$node"}
{"ts":1661225829972,"level":"info","msg":"✔ ServiceBroker with 2 service(s) started successfully in 532ms.","nodeID":"steedos-primary","ns":"steedos","mod":"broker"}
{"ts":1661225830233,"level":"info","msg":"'@steedos/service-enterprise' service is registered.","nodeID":"steedos-primary","ns":"steedos","mod":"registry"}
{"ts":1661225830233,"level":"info","msg":"Waiting for service(s) 'steedos-server, metadata-server, ~packages-project-server'...","nodeID":"steedos-primary","ns":"steedos","mod":"~packages-@steedos/ee_service-plugin-license","svc":"~packages-@steedos/ee_service-plugin-license"}
{"ts":1661225830234,"level":"info","msg":"Waiting for service(s) 'steedos-server, ~packages-@steedos/ee_service-plugin-license, metadata-server, ~packages-project-server'...","nodeID":"steedos-primary","ns":"steedos","mod":"~packages-@steedos/ee_stimulsoft-reports","svc":"~packages-@steedos/ee_stimulsoft-reports"}
{"ts":1661225830234,"level":"info","msg":"Waiting for service(s) '~packages-@steedos/standard-object-database, metadata-server, ~packages-project-server'...","nodeID":"steedos-primary","ns":"steedos","mod":"~packages-@steedos/ee_audit-records","svc":"~packages-@steedos/ee_audit-records"}
{"ts":1661225830234,"level":"info","msg":"Waiting for service(s) '~packages-standard-objects, metadata-server, ~packages-project-server'...","nodeID":"steedos-primary","ns":"steedos","mod":"~packages-@steedos/ee_branding","svc":"~packages-@steedos/ee_branding"}
{"ts":1661225830633,"level":"info","msg":"Service '@steedos/service-enterprise' started.","nodeID":"steedos-primary","ns":"steedos","mod":"@steedos/service-enterprise","svc":"@steedos/service-enterprise"}
{"ts":1661225830634,"level":"info","msg":"'@steedos/service-community' service is registered.","nodeID":"steedos-primary","ns":"steedos","mod":"registry"}
{"ts":1661225830634,"level":"info","msg":"Waiting for service(s) 'metadata'...","nodeID":"steedos-primary","ns":"steedos","mod":"@steedos/service-packages","svc":"@steedos/service-packages"}
{"ts":1661225830634,"level":"info","msg":"Waiting for service(s) 'metadata'...","nodeID":"steedos-primary","ns":"steedos","mod":"apps","svc":"apps"}
{"ts":1661225830634,"level":"info","msg":"Waiting for service(s) 'metadata'...","nodeID":"steedos-primary","ns":"steedos","mod":"objects","svc":"objects"}
{"ts":1661225830634,"level":"info","msg":"Waiting for service(s) 'metadata'...","nodeID":"steedos-primary","ns":"steedos","mod":"layouts","svc":"layouts"}
{"ts":1661225830634,"level":"info","msg":"Waiting for service(s) 'metadata'...","nodeID":"steedos-primary","ns":"steedos","mod":"permissionsets","svc":"permissionsets"}
{"ts":1661225830634,"level":"info","msg":"Waiting for service(s) 'metadata'...","nodeID":"steedos-primary","ns":"steedos","mod":"tabs","svc":"tabs"}
{"ts":1661225830634,"level":"info","msg":"Waiting for service(s) 'metadata'...","nodeID":"steedos-primary","ns":"steedos","mod":"translations","svc":"translations"}
{"ts":1661225830634,"level":"info","msg":"Waiting for service(s) 'metadata'...","nodeID":"steedos-primary","ns":"steedos","mod":"triggers","svc":"triggers"}
{"ts":1661225830634,"level":"info","msg":"Waiting for service(s) 'metadata'...","nodeID":"steedos-primary","ns":"steedos","mod":"queries","svc":"queries"}
{"ts":1661225830635,"level":"info","msg":"Waiting for service(s) 'metadata'...","nodeID":"steedos-primary","ns":"steedos","mod":"charts","svc":"charts"}
{"ts":1661225830635,"level":"info","msg":"Waiting for service(s) 'metadata'...","nodeID":"steedos-primary","ns":"steedos","mod":"pages","svc":"pages"}
{"ts":1661225830635,"level":"info","msg":"Waiting for service(s) 'metadata'...","nodeID":"steedos-primary","ns":"steedos","mod":"share_rules","svc":"share_rules"}
{"ts":1661225830635,"level":"info","msg":"Waiting for service(s) 'metadata'...","nodeID":"steedos-primary","ns":"steedos","mod":"restriction_rules","svc":"restriction_rules"}
{"ts":1661225830635,"level":"info","msg":"Waiting for service(s) 'metadata'...","nodeID":"steedos-primary","ns":"steedos","mod":"permission_fields","svc":"permission_fields"}
{"ts":1661225830635,"level":"info","msg":"Waiting for service(s) 'metadata'...","nodeID":"steedos-primary","ns":"steedos","mod":"process","svc":"process"}
{"ts":1661225830635,"level":"info","msg":"Waiting for service(s) 'metadata'...","nodeID":"steedos-primary","ns":"steedos","mod":"processTrigger","svc":"processTrigger"}
{"ts":1661225830635,"level":"info","msg":"Waiting for service(s) '~packages-standard-objects, @steedos/service-package-license'...","nodeID":"steedos-primary","ns":"steedos","mod":"~packages-project-server","svc":"~packages-project-server"}
{"ts":1661225830635,"level":"info","msg":"Waiting for service(s) 'metadata-server, ~packages-project-server'...","nodeID":"steedos-primary","ns":"steedos","mod":"~packages-@steedos/service-package-registry","svc":"~packages-@steedos/service-package-registry"}
{"ts":1661225830635,"level":"info","msg":"Waiting for service(s) 'metadata-server, ~packages-project-server'...","nodeID":"steedos-primary","ns":"steedos","mod":"~packages-@steedos/service-identity-jwt","svc":"~packages-@steedos/service-identity-jwt"}
{"ts":1661225830635,"level":"info","msg":"Waiting for service(s) 'metadata-server, ~packages-project-server'...","nodeID":"steedos-primary","ns":"steedos","mod":"~packages-@steedos/service-i18n","svc":"~packages-@steedos/service-i18n"}
{"ts":1661225830635,"level":"info","msg":"Waiting for service(s) 'metadata-server'...","nodeID":"steedos-primary","ns":"steedos","mod":"steedos-server","svc":"steedos-server"}
{"ts":1661225830635,"level":"info","msg":"Waiting for service(s) 'metadata-server, ~packages-project-server'...","nodeID":"steedos-primary","ns":"steedos","mod":"~packages-@steedos/ee_unpkg-local","svc":"~packages-@steedos/ee_unpkg-local"}
{"ts":1661225830635,"level":"info","msg":"Waiting for service(s) 'metadata-server, ~packages-project-server'...","nodeID":"steedos-primary","ns":"steedos","mod":"~packages-@steedos/webapp-accounts","svc":"~packages-@steedos/webapp-accounts"}
{"ts":1661225830635,"level":"info","msg":"Waiting for service(s) 'metadata-server, ~packages-project-server'...","nodeID":"steedos-primary","ns":"steedos","mod":"~packages-@steedos/service-analytics","svc":"~packages-@steedos/service-analytics"}
{"ts":1661225830636,"level":"info","msg":"Waiting for service(s) 'metadata, apps, objects, permissionsets, translations, triggers'...","nodeID":"steedos-primary","ns":"steedos","mod":"broker"}
{"ts":1661225830636,"level":"info","msg":"Sentry Tracing enabled: https://e1d8fb7e971e470b95f0af63ad61b7b0@sentry.steedos.cn/8","nodeID":"steedos-primary","ns":"steedos","mod":"broker"}
{"ts":1661225830640,"level":"info","msg":"Service '@steedos/service-community' started.","nodeID":"steedos-primary","ns":"steedos","mod":"@steedos/service-community","svc":"@steedos/service-community"}
{"ts":1661225830641,"level":"info","msg":"'@steedos/service-sentry' service is registered.","nodeID":"steedos-primary","ns":"steedos","mod":"registry"}
{"ts":1661225830642,"level":"info","msg":"'@steedos/service-package-license' service is registered.","nodeID":"steedos-primary","ns":"steedos","mod":"registry"}
{"ts":1661225830642,"level":"info","msg":"Service '@steedos/service-sentry' started.","nodeID":"steedos-primary","ns":"steedos","mod":"@steedos/service-sentry","svc":"@steedos/service-sentry"}
{"ts":1661225830642,"level":"info","msg":"Service '@steedos/service-package-license' started.","nodeID":"steedos-primary","ns":"steedos","mod":"@steedos/service-package-license","svc":"@steedos/service-package-license"}
{"ts":1661225830646,"level":"info","msg":"'metadata' service is registered.","nodeID":"steedos-primary","ns":"steedos","mod":"registry"}
{"ts":1661225830646,"level":"info","msg":"Service 'metadata' started.","nodeID":"steedos-primary","ns":"steedos","mod":"metadata","svc":"metadata"}
{"ts":1661225831636,"level":"info","msg":"Service(s) 'metadata' are available.","nodeID":"steedos-primary","ns":"steedos","mod":"@steedos/service-packages","svc":"@steedos/service-packages"}
{"ts":1661225831641,"level":"info","msg":"'@steedos/service-packages' service is registered.","nodeID":"steedos-primary","ns":"steedos","mod":"registry"}
{"ts":1661225831642,"level":"info","msg":"Service '@steedos/service-packages' started.","nodeID":"steedos-primary","ns":"steedos","mod":"@steedos/service-packages","svc":"@steedos/service-packages"}
{"ts":1661225831642,"level":"info","msg":"Service(s) 'metadata' are available.","nodeID":"steedos-primary","ns":"steedos","mod":"apps","svc":"apps"}
{"ts":1661225831644,"level":"info","msg":"'apps' service is registered.","nodeID":"steedos-primary","ns":"steedos","mod":"registry"}
{"ts":1661225831644,"level":"info","msg":"Service 'apps' started.","nodeID":"steedos-primary","ns":"steedos","mod":"apps","svc":"apps"}
{"ts":1661225831645,"level":"info","msg":"Service(s) 'metadata' are available.","nodeID":"steedos-primary","ns":"steedos","mod":"objects","svc":"objects"}
{"ts":1661225831647,"level":"info","msg":"'objects' service is registered.","nodeID":"steedos-primary","ns":"steedos","mod":"registry"}
{"ts":1661225831647,"level":"info","msg":"Service 'objects' started.","nodeID":"steedos-primary","ns":"steedos","mod":"objects","svc":"objects"}
{"ts":1661225831647,"level":"info","msg":"Service(s) 'metadata' are available.","nodeID":"steedos-primary","ns":"steedos","mod":"layouts","svc":"layouts"}
{"ts":1661225831650,"level":"info","msg":"'layouts' service is registered.","nodeID":"steedos-primary","ns":"steedos","mod":"registry"}
{"ts":1661225831651,"level":"info","msg":"Service 'layouts' started.","nodeID":"steedos-primary","ns":"steedos","mod":"layouts","svc":"layouts"}
{"ts":1661225831651,"level":"info","msg":"Service(s) 'metadata' are available.","nodeID":"steedos-primary","ns":"steedos","mod":"permissionsets","svc":"permissionsets"}
{"ts":1661225831653,"level":"info","msg":"'permissionsets' service is registered.","nodeID":"steedos-primary","ns":"steedos","mod":"registry"}
{"ts":1661225831653,"level":"info","msg":"Service 'permissionsets' started.","nodeID":"steedos-primary","ns":"steedos","mod":"permissionsets","svc":"permissionsets"}
{"ts":1661225831653,"level":"info","msg":"Service(s) 'metadata' are available.","nodeID":"steedos-primary","ns":"steedos","mod":"tabs","svc":"tabs"}
{"ts":1661225831654,"level":"info","msg":"'tabs' service is registered.","nodeID":"steedos-primary","ns":"steedos","mod":"registry"}
{"ts":1661225831654,"level":"info","msg":"Service 'tabs' started.","nodeID":"steedos-primary","ns":"steedos","mod":"tabs","svc":"tabs"}
{"ts":1661225831654,"level":"info","msg":"Service(s) 'metadata' are available.","nodeID":"steedos-primary","ns":"steedos","mod":"translations","svc":"translations"}
{"ts":1661225831660,"level":"info","msg":"'translations' service is registered.","nodeID":"steedos-primary","ns":"steedos","mod":"registry"}
{"ts":1661225831661,"level":"info","msg":"Service 'translations' started.","nodeID":"steedos-primary","ns":"steedos","mod":"translations","svc":"translations"}
{"ts":1661225831661,"level":"info","msg":"Service(s) 'metadata' are available.","nodeID":"steedos-primary","ns":"steedos","mod":"triggers","svc":"triggers"}
{"ts":1661225831664,"level":"info","msg":"'triggers' service is registered.","nodeID":"steedos-primary","ns":"steedos","mod":"registry"}
{"ts":1661225831664,"level":"info","msg":"Service 'triggers' started.","nodeID":"steedos-primary","ns":"steedos","mod":"triggers","svc":"triggers"}
{"ts":1661225831664,"level":"info","msg":"Service(s) 'metadata' are available.","nodeID":"steedos-primary","ns":"steedos","mod":"queries","svc":"queries"}
{"ts":1661225831666,"level":"info","msg":"'queries' service is registered.","nodeID":"steedos-primary","ns":"steedos","mod":"registry"}
{"ts":1661225831666,"level":"info","msg":"Service 'queries' started.","nodeID":"steedos-primary","ns":"steedos","mod":"queries","svc":"queries"}
{"ts":1661225831666,"level":"info","msg":"Service(s) 'metadata' are available.","nodeID":"steedos-primary","ns":"steedos","mod":"charts","svc":"charts"}
{"ts":1661225831668,"level":"info","msg":"'charts' service is registered.","nodeID":"steedos-primary","ns":"steedos","mod":"registry"}
{"ts":1661225831668,"level":"info","msg":"Service 'charts' started.","nodeID":"steedos-primary","ns":"steedos","mod":"charts","svc":"charts"}
{"ts":1661225831668,"level":"info","msg":"Service(s) 'metadata' are available.","nodeID":"steedos-primary","ns":"steedos","mod":"pages","svc":"pages"}
{"ts":1661225831670,"level":"info","msg":"'pages' service is registered.","nodeID":"steedos-primary","ns":"steedos","mod":"registry"}
{"ts":1661225831670,"level":"info","msg":"Service 'pages' started.","nodeID":"steedos-primary","ns":"steedos","mod":"pages","svc":"pages"}
{"ts":1661225831670,"level":"info","msg":"Service(s) 'metadata' are available.","nodeID":"steedos-primary","ns":"steedos","mod":"share_rules","svc":"share_rules"}
{"ts":1661225831673,"level":"info","msg":"'share_rules' service is registered.","nodeID":"steedos-primary","ns":"steedos","mod":"registry"}
{"ts":1661225831673,"level":"info","msg":"Service 'share_rules' started.","nodeID":"steedos-primary","ns":"steedos","mod":"share_rules","svc":"share_rules"}
{"ts":1661225831673,"level":"info","msg":"Service(s) 'metadata' are available.","nodeID":"steedos-primary","ns":"steedos","mod":"restriction_rules","svc":"restriction_rules"}
{"ts":1661225831675,"level":"info","msg":"'restriction_rules' service is registered.","nodeID":"steedos-primary","ns":"steedos","mod":"registry"}
{"ts":1661225831676,"level":"info","msg":"Service 'restriction_rules' started.","nodeID":"steedos-primary","ns":"steedos","mod":"restriction_rules","svc":"restriction_rules"}
{"ts":1661225831676,"level":"info","msg":"Service(s) 'metadata' are available.","nodeID":"steedos-primary","ns":"steedos","mod":"permission_fields","svc":"permission_fields"}
{"ts":1661225831678,"level":"info","msg":"'permission_fields' service is registered.","nodeID":"steedos-primary","ns":"steedos","mod":"registry"}
{"ts":1661225831678,"level":"info","msg":"Service 'permission_fields' started.","nodeID":"steedos-primary","ns":"steedos","mod":"permission_fields","svc":"permission_fields"}
{"ts":1661225831678,"level":"info","msg":"Service(s) 'metadata' are available.","nodeID":"steedos-primary","ns":"steedos","mod":"process","svc":"process"}
{"ts":1661225831681,"level":"info","msg":"'process' service is registered.","nodeID":"steedos-primary","ns":"steedos","mod":"registry"}
{"ts":1661225831681,"level":"info","msg":"Service 'process' started.","nodeID":"steedos-primary","ns":"steedos","mod":"process","svc":"process"}
{"ts":1661225831681,"level":"info","msg":"Service(s) 'metadata' are available.","nodeID":"steedos-primary","ns":"steedos","mod":"processTrigger","svc":"processTrigger"}
{"ts":1661225831683,"level":"info","msg":"'processTrigger' service is registered.","nodeID":"steedos-primary","ns":"steedos","mod":"registry"}
{"ts":1661225831683,"level":"info","msg":"Service 'processTrigger' started.","nodeID":"steedos-primary","ns":"steedos","mod":"processTrigger","svc":"processTrigger"}
{"ts":1661225831684,"level":"info","msg":"Service(s) 'metadata, apps, objects, permissionsets, translations, triggers' are available.","nodeID":"steedos-primary","ns":"steedos","mod":"broker"}
{"ts":1661225831686,"level":"info","msg":"'metadata-server' service is registered.","nodeID":"steedos-primary","ns":"steedos","mod":"registry"}
{"ts":1661225831686,"level":"info","msg":"Service 'metadata-server' started.","nodeID":"steedos-primary","ns":"steedos","mod":"metadata-server","svc":"metadata-server"}
{"ts":1661225832688,"level":"info","msg":"Service(s) 'metadata-server' are available.","nodeID":"steedos-primary","ns":"steedos","mod":"steedos-server","svc":"steedos-server"}
{"ts":1661225834092,"level":"info","msg":"Waiting for service(s) 'metadata-server'...","nodeID":"steedos-primary","ns":"steedos","mod":"~packages-standard-objects","svc":"~packages-standard-objects"}
{"ts":1661225834093,"level":"info","msg":"Service(s) 'metadata-server' are available.","nodeID":"steedos-primary","ns":"steedos","mod":"~packages-standard-objects","svc":"~packages-standard-objects"}
{"ts":1661225834095,"level":"info","msg":"Waiting for service(s) '~dataSource-meteor'...","nodeID":"steedos-primary","ns":"steedos","mod":"broker"}
{"ts":1661225834098,"level":"info","msg":"'~dataSource-meteor' service is registered.","nodeID":"steedos-primary","ns":"steedos","mod":"registry"}
{"ts":1661225834099,"level":"info","msg":"Service '~dataSource-meteor' started.","nodeID":"steedos-primary","ns":"steedos","mod":"~dataSource-meteor","svc":"~dataSource-meteor"}
{"ts":1661225834106,"level":"info","msg":"Service(s) '~dataSource-meteor' are available.","nodeID":"steedos-primary","ns":"steedos","mod":"broker"}
{"ts":1661225834658,"level":"info","msg":"'@OAuth2AccessTokens' service is registered.","nodeID":"steedos-primary","ns":"steedos","mod":"registry"}
{"ts":1661225834685,"level":"info","msg":"Service '@OAuth2AccessTokens' started.","nodeID":"steedos-primary","ns":"steedos","mod":"@OAuth2AccessTokens","svc":"@OAuth2AccessTokens"}
{"ts":1661225834704,"level":"info","msg":"'@OAuth2Clients' service is registered.","nodeID":"steedos-primary","ns":"steedos","mod":"registry"}
{"ts":1661225834705,"level":"info","msg":"Service '@OAuth2Clients' started.","nodeID":"steedos-primary","ns":"steedos","mod":"@OAuth2Clients","svc":"@OAuth2Clients"}
{"ts":1661225834731,"level":"info","msg":"'@audit_login' service is registered.","nodeID":"steedos-primary","ns":"steedos","mod":"registry"}
{"ts":1661225834733,"level":"info","msg":"Service '@audit_login' started.","nodeID":"steedos-primary","ns":"steedos","mod":"@audit_login","svc":"@audit_login"}
{"ts":1661225834750,"level":"info","msg":"'@audit_records' service is registered.","nodeID":"steedos-primary","ns":"steedos","mod":"registry"}
{"ts":1661225834751,"level":"info","msg":"Service '@audit_records' started.","nodeID":"steedos-primary","ns":"steedos","mod":"@audit_records","svc":"@audit_records"}
{"ts":1661225834790,"level":"info","msg":"'@autonumber' service is registered.","nodeID":"steedos-primary","ns":"steedos","mod":"registry"}
{"ts":1661225834791,"level":"info","msg":"Service '@autonumber' started.","nodeID":"steedos-primary","ns":"steedos","mod":"@autonumber","svc":"@autonumber"}
{"ts":1661225834806,"level":"info","msg":"'@base' service is registered.","nodeID":"steedos-primary","ns":"steedos","mod":"registry"}
{"ts":1661225834808,"level":"info","msg":"Service '@base' started.","nodeID":"steedos-primary","ns":"steedos","mod":"@base","svc":"@base"}
{"ts":1661225834835,"level":"info","msg":"'@billing_pay_records' service is registered.","nodeID":"steedos-primary","ns":"steedos","mod":"registry"}
{"ts":1661225834836,"level":"info","msg":"Service '@billing_pay_records' started.","nodeID":"steedos-primary","ns":"steedos","mod":"@billing_pay_records","svc":"@billing_pay_records"}
{"ts":1661225834865,"level":"info","msg":"'@business_hours' service is registered.","nodeID":"steedos-primary","ns":"steedos","mod":"registry"}
{"ts":1661225834872,"level":"info","msg":"Service '@business_hours' started.","nodeID":"steedos-primary","ns":"steedos","mod":"@business_hours","svc":"@business_hours"}
{"ts":1661225834884,"level":"info","msg":"'@cfs_files_filerecord' service is registered.","nodeID":"steedos-primary","ns":"steedos","mod":"registry"}
{"ts":1661225834886,"level":"info","msg":"Service '@cfs_files_filerecord' started.","nodeID":"steedos-primary","ns":"steedos","mod":"@cfs_files_filerecord","svc":"@cfs_files_filerecord"}
{"ts":1661225834917,"level":"info","msg":"'@cfs_images_filerecord' service is registered.","nodeID":"steedos-primary","ns":"steedos","mod":"registry"}
{"ts":1661225834918,"level":"info","msg":"Service '@cfs_images_filerecord' started.","nodeID":"steedos-primary","ns":"steedos","mod":"@cfs_images_filerecord","svc":"@cfs_images_filerecord"}
{"ts":1661225834933,"level":"info","msg":"'@cms_files' service is registered.","nodeID":"steedos-primary","ns":"steedos","mod":"registry"}
{"ts":1661225834939,"level":"info","msg":"Service '@cms_files' started.","nodeID":"steedos-primary","ns":"steedos","mod":"@cms_files","svc":"@cms_files"}
{"ts":1661225834975,"level":"info","msg":"'@company' service is registered.","nodeID":"steedos-primary","ns":"steedos","mod":"registry"}
{"ts":1661225834982,"level":"info","msg":"Service '@company' started.","nodeID":"steedos-primary","ns":"steedos","mod":"@company","svc":"@company"}
{"ts":1661225835000,"level":"info","msg":"'@connected_apps' service is registered.","nodeID":"steedos-primary","ns":"steedos","mod":"registry"}
{"ts":1661225835006,"level":"info","msg":"Service '@connected_apps' started.","nodeID":"steedos-primary","ns":"steedos","mod":"@connected_apps","svc":"@connected_apps"}
{"ts":1661225835041,"level":"info","msg":"'@core' service is registered.","nodeID":"steedos-primary","ns":"steedos","mod":"registry"}
{"ts":1661225835043,"level":"info","msg":"Service '@core' started.","nodeID":"steedos-primary","ns":"steedos","mod":"@core","svc":"@core"}
{"ts":1661225835067,"level":"info","msg":"'@dashboard' service is registered.","nodeID":"steedos-primary","ns":"steedos","mod":"registry"}
{"ts":1661225835072,"level":"info","msg":"Service '@dashboard' started.","nodeID":"steedos-primary","ns":"steedos","mod":"@dashboard","svc":"@dashboard"}
{"ts":1661225835083,"level":"info","msg":"'@favorites' service is registered.","nodeID":"steedos-primary","ns":"steedos","mod":"registry"}
{"ts":1661225835086,"level":"info","msg":"Service '@favorites' started.","nodeID":"steedos-primary","ns":"steedos","mod":"@favorites","svc":"@favorites"}
{"ts":1661225835120,"level":"info","msg":"'@follows' service is registered.","nodeID":"steedos-primary","ns":"steedos","mod":"registry"}
{"ts":1661225835122,"level":"info","msg":"Service '@follows' started.","nodeID":"steedos-primary","ns":"steedos","mod":"@follows","svc":"@follows"}
{"ts":1661225835149,"level":"info","msg":"'@holidays' service is registered.","nodeID":"steedos-primary","ns":"steedos","mod":"registry"}
{"ts":1661225835152,"level":"info","msg":"Service '@holidays' started.","nodeID":"steedos-primary","ns":"steedos","mod":"@holidays","svc":"@holidays"}
{"ts":1661225835163,"level":"info","msg":"'@license' service is registered.","nodeID":"steedos-primary","ns":"steedos","mod":"registry"}
{"ts":1661225835163,"level":"info","msg":"Service '@license' started.","nodeID":"steedos-primary","ns":"steedos","mod":"@license","svc":"@license"}
{"ts":1661225835198,"level":"info","msg":"'@license_auth_token' service is registered.","nodeID":"steedos-primary","ns":"steedos","mod":"registry"}
{"ts":1661225835203,"level":"info","msg":"Service '@license_auth_token' started.","nodeID":"steedos-primary","ns":"steedos","mod":"@license_auth_token","svc":"@license_auth_token"}
{"ts":1661225835231,"level":"info","msg":"'@notifications' service is registered.","nodeID":"steedos-primary","ns":"steedos","mod":"registry"}
{"ts":1661225835235,"level":"info","msg":"Service '@notifications' started.","nodeID":"steedos-primary","ns":"steedos","mod":"@notifications","svc":"@notifications"}
{"ts":1661225835245,"level":"info","msg":"'@object_recent_viewed' service is registered.","nodeID":"steedos-primary","ns":"steedos","mod":"registry"}
{"ts":1661225835247,"level":"info","msg":"Service '@object_recent_viewed' started.","nodeID":"steedos-primary","ns":"steedos","mod":"@object_recent_viewed","svc":"@object_recent_viewed"}
{"ts":1661225835284,"level":"info","msg":"'@object_webhooks' service is registered.","nodeID":"steedos-primary","ns":"steedos","mod":"registry"}
{"ts":1661225835287,"level":"info","msg":"Service '@object_webhooks' started.","nodeID":"steedos-primary","ns":"steedos","mod":"@object_webhooks","svc":"@object_webhooks"}
{"ts":1661225835301,"level":"info","msg":"'@object_workflows' service is registered.","nodeID":"steedos-primary","ns":"steedos","mod":"registry"}
{"ts":1661225835303,"level":"info","msg":"Service '@object_workflows' started.","nodeID":"steedos-primary","ns":"steedos","mod":"@object_workflows","svc":"@object_workflows"}
{"ts":1661225835342,"level":"info","msg":"'@organizations' service is registered.","nodeID":"steedos-primary","ns":"steedos","mod":"registry"}
{"ts":1661225835353,"level":"info","msg":"Service '@organizations' started.","nodeID":"steedos-primary","ns":"steedos","mod":"@organizations","svc":"@organizations"}
{"ts":1661225835377,"level":"info","msg":"'@picklist_options' service is registered.","nodeID":"steedos-primary","ns":"steedos","mod":"registry"}
{"ts":1661225835380,"level":"info","msg":"Service '@picklist_options' started.","nodeID":"steedos-primary","ns":"steedos","mod":"@picklist_options","svc":"@picklist_options"}
{"ts":1661225835427,"level":"info","msg":"'@picklists' service is registered.","nodeID":"steedos-primary","ns":"steedos","mod":"registry"}
{"ts":1661225835431,"level":"info","msg":"Service '@picklists' started.","nodeID":"steedos-primary","ns":"steedos","mod":"@picklists","svc":"@picklists"}
{"ts":1661225835447,"level":"info","msg":"'@queue_import' service is registered.","nodeID":"steedos-primary","ns":"steedos","mod":"registry"}
{"ts":1661225835448,"level":"info","msg":"Service '@queue_import' started.","nodeID":"steedos-primary","ns":"steedos","mod":"@queue_import","svc":"@queue_import"}
{"ts":1661225835483,"level":"info","msg":"'@queue_import_history' service is registered.","nodeID":"steedos-primary","ns":"steedos","mod":"registry"}
{"ts":1661225835487,"level":"info","msg":"Service '@queue_import_history' started.","nodeID":"steedos-primary","ns":"steedos","mod":"@queue_import_history","svc":"@queue_import_history"}
{"ts":1661225835507,"level":"info","msg":"'@roles' service is registered.","nodeID":"steedos-primary","ns":"steedos","mod":"registry"}
{"ts":1661225835508,"level":"info","msg":"Service '@roles' started.","nodeID":"steedos-primary","ns":"steedos","mod":"@roles","svc":"@roles"}
{"ts":1661225835549,"level":"info","msg":"'@sessions' service is registered.","nodeID":"steedos-primary","ns":"steedos","mod":"registry"}
{"ts":1661225835567,"level":"info","msg":"Service '@sessions' started.","nodeID":"steedos-primary","ns":"steedos","mod":"@sessions","svc":"@sessions"}
{"ts":1661225835588,"level":"info","msg":"'@settings' service is registered.","nodeID":"steedos-primary","ns":"steedos","mod":"registry"}
{"ts":1661225835589,"level":"info","msg":"Service '@settings' started.","nodeID":"steedos-primary","ns":"steedos","mod":"@settings","svc":"@settings"}
{"ts":1661225835641,"level":"info","msg":"'@space_users' service is registered.","nodeID":"steedos-primary","ns":"steedos","mod":"registry"}
{"ts":1661225835644,"level":"info","msg":"Service '@space_users' started.","nodeID":"steedos-primary","ns":"steedos","mod":"@space_users","svc":"@space_users"}
{"ts":1661225835729,"level":"info","msg":"'@spaces' service is registered.","nodeID":"steedos-primary","ns":"steedos","mod":"registry"}
{"ts":1661225835734,"level":"info","msg":"Service '@spaces' started.","nodeID":"steedos-primary","ns":"steedos","mod":"@spaces","svc":"@spaces"}
{"ts":1661225835871,"level":"info","msg":"'@users' service is registered.","nodeID":"steedos-primary","ns":"steedos","mod":"registry"}
{"ts":1661225835882,"level":"info","msg":"Service '@users' started.","nodeID":"steedos-primary","ns":"steedos","mod":"@users","svc":"@users"}
{"ts":1661225835996,"level":"info","msg":"'@users_verify_code' service is registered.","nodeID":"steedos-primary","ns":"steedos","mod":"registry"}
{"ts":1661225836000,"level":"info","msg":"Service '@users_verify_code' started.","nodeID":"steedos-primary","ns":"steedos","mod":"@users_verify_code","svc":"@users_verify_code"}
{"ts":1661225836024,"level":"info","msg":"'@web_forms' service is registered.","nodeID":"steedos-primary","ns":"steedos","mod":"registry"}
{"ts":1661225836025,"level":"info","msg":"Service '@web_forms' started.","nodeID":"steedos-primary","ns":"steedos","mod":"@web_forms","svc":"@web_forms"}
{"ts":1661225836074,"level":"info","msg":"'@accounts' service is registered.","nodeID":"steedos-primary","ns":"steedos","mod":"registry"}
{"ts":1661225836075,"level":"info","msg":"Service '@accounts' started.","nodeID":"steedos-primary","ns":"steedos","mod":"@accounts","svc":"@accounts"}
{"ts":1661225836114,"level":"info","msg":"'@contacts' service is registered.","nodeID":"steedos-primary","ns":"steedos","mod":"registry"}
{"ts":1661225836119,"level":"info","msg":"Service '@contacts' started.","nodeID":"steedos-primary","ns":"steedos","mod":"@contacts","svc":"@contacts"}
{"ts":1661225836145,"level":"info","msg":"'@space_users_invite' service is registered.","nodeID":"steedos-primary","ns":"steedos","mod":"registry"}
{"ts":1661225836146,"level":"info","msg":"Service '@space_users_invite' started.","nodeID":"steedos-primary","ns":"steedos","mod":"@space_users_invite","svc":"@space_users_invite"}
{"ts":1661225836186,"level":"info","msg":"'@object_webhooks_queue' service is registered.","nodeID":"steedos-primary","ns":"steedos","mod":"registry"}
{"ts":1661225836187,"level":"info","msg":"Service '@object_webhooks_queue' started.","nodeID":"steedos-primary","ns":"steedos","mod":"@object_webhooks_queue","svc":"@object_webhooks_queue"}
{"ts":1661225836225,"level":"info","msg":"'@approvals' service is registered.","nodeID":"steedos-primary","ns":"steedos","mod":"registry"}
{"ts":1661225836230,"level":"info","msg":"Service '@approvals' started.","nodeID":"steedos-primary","ns":"steedos","mod":"@approvals","svc":"@approvals"}
{"ts":1661225836257,"level":"info","msg":"'@categories' service is registered.","nodeID":"steedos-primary","ns":"steedos","mod":"registry"}
{"ts":1661225836258,"level":"info","msg":"Service '@categories' started.","nodeID":"steedos-primary","ns":"steedos","mod":"@categories","svc":"@categories"}
{"ts":1661225836308,"level":"info","msg":"'@flow_positions' service is registered.","nodeID":"steedos-primary","ns":"steedos","mod":"registry"}
{"ts":1661225836312,"level":"info","msg":"Service '@flow_positions' started.","nodeID":"steedos-primary","ns":"steedos","mod":"@flow_positions","svc":"@flow_positions"}
{"ts":1661225836340,"level":"info","msg":"'@flow_roles' service is registered.","nodeID":"steedos-primary","ns":"steedos","mod":"registry"}
{"ts":1661225836342,"level":"info","msg":"Service '@flow_roles' started.","nodeID":"steedos-primary","ns":"steedos","mod":"@flow_roles","svc":"@flow_roles"}
{"ts":1661225836395,"level":"info","msg":"'@flows' service is registered.","nodeID":"steedos-primary","ns":"steedos","mod":"registry"}
{"ts":1661225836397,"level":"info","msg":"Service '@flows' started.","nodeID":"steedos-primary","ns":"steedos","mod":"@flows","svc":"@flows"}
{"ts":1661225836453,"level":"info","msg":"'@forms' service is registered.","nodeID":"steedos-primary","ns":"steedos","mod":"registry"}
{"ts":1661225836457,"level":"info","msg":"Service '@forms' started.","nodeID":"steedos-primary","ns":"steedos","mod":"@forms","svc":"@forms"}
{"ts":1661225836485,"level":"info","msg":"'@instance_number_rules' service is registered.","nodeID":"steedos-primary","ns":"steedos","mod":"registry"}
{"ts":1661225836486,"level":"info","msg":"Service '@instance_number_rules' started.","nodeID":"steedos-primary","ns":"steedos","mod":"@instance_number_rules","svc":"@instance_number_rules"}
{"ts":1661225836537,"level":"info","msg":"'@instances' service is registered.","nodeID":"steedos-primary","ns":"steedos","mod":"registry"}
{"ts":1661225836538,"level":"info","msg":"Service '@instances' started.","nodeID":"steedos-primary","ns":"steedos","mod":"@instances","svc":"@instances"}
{"ts":1661225836589,"level":"info","msg":"'@instances_statistic' service is registered.","nodeID":"steedos-primary","ns":"steedos","mod":"registry"}
{"ts":1661225836591,"level":"info","msg":"Service '@instances_statistic' started.","nodeID":"steedos-primary","ns":"steedos","mod":"@instances_statistic","svc":"@instances_statistic"}
{"ts":1661225836660,"level":"info","msg":"'@process_delegation_rules' service is registered.","nodeID":"steedos-primary","ns":"steedos","mod":"registry"}
{"ts":1661225836677,"level":"info","msg":"Service '@process_delegation_rules' started.","nodeID":"steedos-primary","ns":"steedos","mod":"@process_delegation_rules","svc":"@process_delegation_rules"}
{"ts":1661225836740,"level":"info","msg":"'@space_user_signs' service is registered.","nodeID":"steedos-primary","ns":"steedos","mod":"registry"}
{"ts":1661225836741,"level":"info","msg":"Service '@space_user_signs' started.","nodeID":"steedos-primary","ns":"steedos","mod":"@space_user_signs","svc":"@space_user_signs"}
{"ts":1661225836788,"level":"info","msg":"'@webhooks' service is registered.","nodeID":"steedos-primary","ns":"steedos","mod":"registry"}
{"ts":1661225836796,"level":"info","msg":"Service '@webhooks' started.","nodeID":"steedos-primary","ns":"steedos","mod":"@webhooks","svc":"@webhooks"}
{"ts":1661225836839,"level":"info","msg":"'@api_keys' service is registered.","nodeID":"steedos-primary","ns":"steedos","mod":"registry"}
{"ts":1661225836842,"level":"info","msg":"Service '@api_keys' started.","nodeID":"steedos-primary","ns":"steedos","mod":"@api_keys","svc":"@api_keys"}
{"ts":1661225836900,"level":"info","msg":"'@imported_package' service is registered.","nodeID":"steedos-primary","ns":"steedos","mod":"registry"}
{"ts":1661225836907,"level":"info","msg":"Service '@imported_package' started.","nodeID":"steedos-primary","ns":"steedos","mod":"@imported_package","svc":"@imported_package"}
{"ts":1661225836939,"level":"info","msg":"'@package' service is registered.","nodeID":"steedos-primary","ns":"steedos","mod":"registry"}
{"ts":1661225836943,"level":"info","msg":"Service '@package' started.","nodeID":"steedos-primary","ns":"steedos","mod":"@package","svc":"@package"}
{"ts":1661225836995,"level":"info","msg":"'@package_type_members' service is registered.","nodeID":"steedos-primary","ns":"steedos","mod":"registry"}
{"ts":1661225836998,"level":"info","msg":"Service '@package_type_members' started.","nodeID":"steedos-primary","ns":"steedos","mod":"@package_type_members","svc":"@package_type_members"}
{"ts":1661225837125,"level":"info","msg":"'@package_version' service is registered.","nodeID":"steedos-primary","ns":"steedos","mod":"registry"}
{"ts":1661225837125,"level":"info","msg":"Service '@package_version' started.","nodeID":"steedos-primary","ns":"steedos","mod":"@package_version","svc":"@package_version"}
{"ts":1661225837367,"level":"info","msg":"'~packages-standard-objects' service is registered.","nodeID":"steedos-primary","ns":"steedos","mod":"registry"}
{"ts":1661225837397,"level":"info","msg":"'~triggers-~packages-standard-objects' service is registered.","nodeID":"steedos-primary","ns":"steedos","mod":"registry"}
{"ts":1661225837397,"level":"info","msg":"Service '~packages-standard-objects' started.","nodeID":"steedos-primary","ns":"steedos","mod":"~packages-standard-objects","svc":"~packages-standard-objects"}
{"ts":1661225837398,"level":"info","msg":"Service '~triggers-~packages-standard-objects' started.","nodeID":"steedos-primary","ns":"steedos","mod":"~triggers-~packages-standard-objects","svc":"~triggers-~packages-standard-objects"}
{"ts":1661225837413,"level":"info","msg":"Waiting for service(s) '~packages-@steedos/webapp-public'...","nodeID":"steedos-primary","ns":"steedos","mod":"broker"}
{"ts":1661225837414,"level":"info","msg":"Waiting for service(s) 'metadata-server, ~packages-project-server'...","nodeID":"steedos-primary","ns":"steedos","mod":"~packages-@steedos/webapp-public","svc":"~packages-@steedos/webapp-public"}
{"ts":1661225837791,"level":"info","msg":"Service(s) '~packages-standard-objects, @steedos/service-package-license' are available.","nodeID":"steedos-primary","ns":"steedos","mod":"~packages-project-server","svc":"~packages-project-server"}
{"ts":1661225837903,"level":"info","msg":"Waiting for service(s) 'metadata-server, ~packages-project-server'...","nodeID":"steedos-primary","ns":"steedos","mod":"~packages-@steedos-labs/experience","svc":"~packages-@steedos-labs/experience"}
{"ts":1661226104832,"level":"info","msg":"Moleculer v0.14.23 is starting...","nodeID":"steedos-primary","ns":"steedos","mod":"broker"}
{"ts":1661226104832,"level":"info","msg":"Namespace: steedos","nodeID":"steedos-primary","ns":"steedos","mod":"broker"}
{"ts":1661226104832,"level":"info","msg":"Node ID: steedos-primary","nodeID":"steedos-primary","ns":"steedos","mod":"broker"}
{"ts":1661226104833,"level":"info","msg":"Strategy: RoundRobinStrategy","nodeID":"steedos-primary","ns":"steedos","mod":"registry"}
{"ts":1661226104833,"level":"info","msg":"Discoverer: LocalDiscoverer","nodeID":"steedos-primary","ns":"steedos","mod":"registry"}
{"ts":1661226104889,"level":"info","msg":"Cacher: RedisCacher","nodeID":"steedos-primary","ns":"steedos","mod":"broker"}
{"ts":1661226104889,"level":"info","msg":"Serializer: JSONSerializer","nodeID":"steedos-primary","ns":"steedos","mod":"broker"}
{"ts":1661226104895,"level":"info","msg":"Validator: FastestValidator","nodeID":"steedos-primary","ns":"steedos","mod":"broker"}
{"ts":1661226104895,"level":"info","msg":"Tracing: Enabled","nodeID":"steedos-primary","ns":"steedos","mod":"tracer"}
{"ts":1661226104896,"level":"info","msg":"Tracing exporter: EventTraceExporter","nodeID":"steedos-primary","ns":"steedos","mod":"tracer"}
{"ts":1661226104896,"level":"info","msg":"Registered 14 middleware(s).","nodeID":"steedos-primary","ns":"steedos","mod":"broker"}
{"ts":1661226104897,"level":"info","msg":"Transporter: RedisTransporter","nodeID":"steedos-primary","ns":"steedos","mod":"broker"}
{"ts":1661226104904,"level":"warn","msg":"Clear all cache entries on startup.","nodeID":"steedos-primary","ns":"steedos","mod":"broker"}
{"ts":1661226106340,"level":"info","msg":"Connecting to the transporter...","nodeID":"steedos-primary","ns":"steedos","mod":"transit"}
{"ts":1661226106340,"level":"info","msg":"Setting Redis transporter","nodeID":"steedos-primary","ns":"steedos","mod":"transporter"}
{"ts":1661226106346,"level":"info","msg":"Redis cacher connected.","nodeID":"steedos-primary","ns":"steedos","mod":"cacher"}
{"ts":1661226106347,"level":"info","msg":"Redis-sub client is connected.","nodeID":"steedos-primary","ns":"steedos","mod":"transporter"}
{"ts":1661226106350,"level":"info","msg":"Setting Redis transporter","nodeID":"steedos-primary","ns":"steedos","mod":"transporter"}
{"ts":1661226106354,"level":"info","msg":"Redis-pub client is connected.","nodeID":"steedos-primary","ns":"steedos","mod":"transporter"}
{"ts":1661226106872,"level":"info","msg":"'$node' service is registered.","nodeID":"steedos-primary","ns":"steedos","mod":"registry"}
{"ts":1661226106873,"level":"info","msg":"Service '$node' started.","nodeID":"steedos-primary","ns":"steedos","mod":"$node","svc":"$node"}
{"ts":1661226106879,"level":"info","msg":"✔ ServiceBroker with 2 service(s) started successfully in 539ms.","nodeID":"steedos-primary","ns":"steedos","mod":"broker"}
{"ts":1661226107118,"level":"info","msg":"'@steedos/service-enterprise' service is registered.","nodeID":"steedos-primary","ns":"steedos","mod":"registry"}
{"ts":1661226107118,"level":"info","msg":"Waiting for service(s) 'steedos-server, metadata-server, ~packages-project-server'...","nodeID":"steedos-primary","ns":"steedos","mod":"~packages-@steedos/ee_service-plugin-license","svc":"~packages-@steedos/ee_service-plugin-license"}
{"ts":1661226107119,"level":"info","msg":"Waiting for service(s) 'steedos-server, ~packages-@steedos/ee_service-plugin-license, metadata-server, ~packages-project-server'...","nodeID":"steedos-primary","ns":"steedos","mod":"~packages-@steedos/ee_stimulsoft-reports","svc":"~packages-@steedos/ee_stimulsoft-reports"}
{"ts":1661226107119,"level":"info","msg":"Waiting for service(s) '~packages-@steedos/standard-object-database, metadata-server, ~packages-project-server'...","nodeID":"steedos-primary","ns":"steedos","mod":"~packages-@steedos/ee_audit-records","svc":"~packages-@steedos/ee_audit-records"}
{"ts":1661226107119,"level":"info","msg":"Waiting for service(s) '~packages-standard-objects, metadata-server, ~packages-project-server'...","nodeID":"steedos-primary","ns":"steedos","mod":"~packages-@steedos/ee_branding","svc":"~packages-@steedos/ee_branding"}
{"ts":1661226107494,"level":"info","msg":"Service '@steedos/service-enterprise' started.","nodeID":"steedos-primary","ns":"steedos","mod":"@steedos/service-enterprise","svc":"@steedos/service-enterprise"}
{"ts":1661226107495,"level":"info","msg":"'@steedos/service-community' service is registered.","nodeID":"steedos-primary","ns":"steedos","mod":"registry"}
{"ts":1661226107495,"level":"info","msg":"Waiting for service(s) 'metadata'...","nodeID":"steedos-primary","ns":"steedos","mod":"@steedos/service-packages","svc":"@steedos/service-packages"}
{"ts":1661226107495,"level":"info","msg":"Waiting for service(s) 'metadata'...","nodeID":"steedos-primary","ns":"steedos","mod":"apps","svc":"apps"}
{"ts":1661226107495,"level":"info","msg":"Waiting for service(s) 'metadata'...","nodeID":"steedos-primary","ns":"steedos","mod":"objects","svc":"objects"}
{"ts":1661226107495,"level":"info","msg":"Waiting for service(s) 'metadata'...","nodeID":"steedos-primary","ns":"steedos","mod":"layouts","svc":"layouts"}
{"ts":1661226107495,"level":"info","msg":"Waiting for service(s) 'metadata'...","nodeID":"steedos-primary","ns":"steedos","mod":"permissionsets","svc":"permissionsets"}
{"ts":1661226107495,"level":"info","msg":"Waiting for service(s) 'metadata'...","nodeID":"steedos-primary","ns":"steedos","mod":"tabs","svc":"tabs"}
{"ts":1661226107495,"level":"info","msg":"Waiting for service(s) 'metadata'...","nodeID":"steedos-primary","ns":"steedos","mod":"translations","svc":"translations"}
{"ts":1661226107495,"level":"info","msg":"Waiting for service(s) 'metadata'...","nodeID":"steedos-primary","ns":"steedos","mod":"triggers","svc":"triggers"}
{"ts":1661226107495,"level":"info","msg":"Waiting for service(s) 'metadata'...","nodeID":"steedos-primary","ns":"steedos","mod":"queries","svc":"queries"}
{"ts":1661226107496,"level":"info","msg":"Waiting for service(s) 'metadata'...","nodeID":"steedos-primary","ns":"steedos","mod":"charts","svc":"charts"}
{"ts":1661226107496,"level":"info","msg":"Waiting for service(s) 'metadata'...","nodeID":"steedos-primary","ns":"steedos","mod":"pages","svc":"pages"}
{"ts":1661226107496,"level":"info","msg":"Waiting for service(s) 'metadata'...","nodeID":"steedos-primary","ns":"steedos","mod":"share_rules","svc":"share_rules"}
{"ts":1661226107496,"level":"info","msg":"Waiting for service(s) 'metadata'...","nodeID":"steedos-primary","ns":"steedos","mod":"restriction_rules","svc":"restriction_rules"}
{"ts":1661226107496,"level":"info","msg":"Waiting for service(s) 'metadata'...","nodeID":"steedos-primary","ns":"steedos","mod":"permission_fields","svc":"permission_fields"}
{"ts":1661226107496,"level":"info","msg":"Waiting for service(s) 'metadata'...","nodeID":"steedos-primary","ns":"steedos","mod":"process","svc":"process"}
{"ts":1661226107496,"level":"info","msg":"Waiting for service(s) 'metadata'...","nodeID":"steedos-primary","ns":"steedos","mod":"processTrigger","svc":"processTrigger"}
{"ts":1661226107496,"level":"info","msg":"Waiting for service(s) '~packages-standard-objects, @steedos/service-package-license'...","nodeID":"steedos-primary","ns":"steedos","mod":"~packages-project-server","svc":"~packages-project-server"}
{"ts":1661226107496,"level":"info","msg":"Waiting for service(s) 'metadata-server, ~packages-project-server'...","nodeID":"steedos-primary","ns":"steedos","mod":"~packages-@steedos/service-package-registry","svc":"~packages-@steedos/service-package-registry"}
{"ts":1661226107496,"level":"info","msg":"Waiting for service(s) 'metadata-server, ~packages-project-server'...","nodeID":"steedos-primary","ns":"steedos","mod":"~packages-@steedos/service-identity-jwt","svc":"~packages-@steedos/service-identity-jwt"}
{"ts":1661226107496,"level":"info","msg":"Waiting for service(s) 'metadata-server, ~packages-project-server'...","nodeID":"steedos-primary","ns":"steedos","mod":"~packages-@steedos/service-i18n","svc":"~packages-@steedos/service-i18n"}
{"ts":1661226107496,"level":"info","msg":"Waiting for service(s) 'metadata-server'...","nodeID":"steedos-primary","ns":"steedos","mod":"steedos-server","svc":"steedos-server"}
{"ts":1661226107496,"level":"info","msg":"Waiting for service(s) 'metadata-server, ~packages-project-server'...","nodeID":"steedos-primary","ns":"steedos","mod":"~packages-@steedos/ee_unpkg-local","svc":"~packages-@steedos/ee_unpkg-local"}
{"ts":1661226107496,"level":"info","msg":"Waiting for service(s) 'metadata-server, ~packages-project-server'...","nodeID":"steedos-primary","ns":"steedos","mod":"~packages-@steedos/webapp-accounts","svc":"~packages-@steedos/webapp-accounts"}
{"ts":1661226107496,"level":"info","msg":"Waiting for service(s) 'metadata-server, ~packages-project-server'...","nodeID":"steedos-primary","ns":"steedos","mod":"~packages-@steedos/service-analytics","svc":"~packages-@steedos/service-analytics"}
{"ts":1661226107497,"level":"info","msg":"Waiting for service(s) 'metadata, apps, objects, permissionsets, translations, triggers'...","nodeID":"steedos-primary","ns":"steedos","mod":"broker"}
{"ts":1661226107497,"level":"info","msg":"Sentry Tracing enabled: https://e1d8fb7e971e470b95f0af63ad61b7b0@sentry.steedos.cn/8","nodeID":"steedos-primary","ns":"steedos","mod":"broker"}
{"ts":1661226107503,"level":"info","msg":"Service '@steedos/service-community' started.","nodeID":"steedos-primary","ns":"steedos","mod":"@steedos/service-community","svc":"@steedos/service-community"}
{"ts":1661226107505,"level":"info","msg":"'@steedos/service-sentry' service is registered.","nodeID":"steedos-primary","ns":"steedos","mod":"registry"}
{"ts":1661226107506,"level":"info","msg":"'@steedos/service-package-license' service is registered.","nodeID":"steedos-primary","ns":"steedos","mod":"registry"}
{"ts":1661226107506,"level":"info","msg":"Service '@steedos/service-sentry' started.","nodeID":"steedos-primary","ns":"steedos","mod":"@steedos/service-sentry","svc":"@steedos/service-sentry"}
{"ts":1661226107506,"level":"info","msg":"Service '@steedos/service-package-license' started.","nodeID":"steedos-primary","ns":"steedos","mod":"@steedos/service-package-license","svc":"@steedos/service-package-license"}
{"ts":1661226107520,"level":"info","msg":"'metadata' service is registered.","nodeID":"steedos-primary","ns":"steedos","mod":"registry"}
{"ts":1661226107521,"level":"info","msg":"Service 'metadata' started.","nodeID":"steedos-primary","ns":"steedos","mod":"metadata","svc":"metadata"}
{"ts":1661226108497,"level":"info","msg":"Service(s) 'metadata' are available.","nodeID":"steedos-primary","ns":"steedos","mod":"@steedos/service-packages","svc":"@steedos/service-packages"}
{"ts":1661226108499,"level":"info","msg":"'@steedos/service-packages' service is registered.","nodeID":"steedos-primary","ns":"steedos","mod":"registry"}
{"ts":1661226108499,"level":"info","msg":"Service '@steedos/service-packages' started.","nodeID":"steedos-primary","ns":"steedos","mod":"@steedos/service-packages","svc":"@steedos/service-packages"}
{"ts":1661226108499,"level":"info","msg":"Service(s) 'metadata' are available.","nodeID":"steedos-primary","ns":"steedos","mod":"apps","svc":"apps"}
{"ts":1661226108500,"level":"info","msg":"'apps' service is registered.","nodeID":"steedos-primary","ns":"steedos","mod":"registry"}
{"ts":1661226108500,"level":"info","msg":"Service 'apps' started.","nodeID":"steedos-primary","ns":"steedos","mod":"apps","svc":"apps"}
{"ts":1661226108501,"level":"info","msg":"Service(s) 'metadata' are available.","nodeID":"steedos-primary","ns":"steedos","mod":"objects","svc":"objects"}
{"ts":1661226108503,"level":"info","msg":"'objects' service is registered.","nodeID":"steedos-primary","ns":"steedos","mod":"registry"}
{"ts":1661226108503,"level":"info","msg":"Service 'objects' started.","nodeID":"steedos-primary","ns":"steedos","mod":"objects","svc":"objects"}
{"ts":1661226108503,"level":"info","msg":"Service(s) 'metadata' are available.","nodeID":"steedos-primary","ns":"steedos","mod":"layouts","svc":"layouts"}
{"ts":1661226108504,"level":"info","msg":"'layouts' service is registered.","nodeID":"steedos-primary","ns":"steedos","mod":"registry"}
{"ts":1661226108504,"level":"info","msg":"Service 'layouts' started.","nodeID":"steedos-primary","ns":"steedos","mod":"layouts","svc":"layouts"}
{"ts":1661226108504,"level":"info","msg":"Service(s) 'metadata' are available.","nodeID":"steedos-primary","ns":"steedos","mod":"permissionsets","svc":"permissionsets"}
{"ts":1661226108507,"level":"info","msg":"'permissionsets' service is registered.","nodeID":"steedos-primary","ns":"steedos","mod":"registry"}
{"ts":1661226108507,"level":"info","msg":"Service 'permissionsets' started.","nodeID":"steedos-primary","ns":"steedos","mod":"permissionsets","svc":"permissionsets"}
{"ts":1661226108507,"level":"info","msg":"Service(s) 'metadata' are available.","nodeID":"steedos-primary","ns":"steedos","mod":"tabs","svc":"tabs"}
{"ts":1661226108509,"level":"info","msg":"'tabs' service is registered.","nodeID":"steedos-primary","ns":"steedos","mod":"registry"}
{"ts":1661226108509,"level":"info","msg":"Service 'tabs' started.","nodeID":"steedos-primary","ns":"steedos","mod":"tabs","svc":"tabs"}
{"ts":1661226108509,"level":"info","msg":"Service(s) 'metadata' are available.","nodeID":"steedos-primary","ns":"steedos","mod":"translations","svc":"translations"}
{"ts":1661226108512,"level":"info","msg":"'translations' service is registered.","nodeID":"steedos-primary","ns":"steedos","mod":"registry"}
{"ts":1661226108512,"level":"info","msg":"Service 'translations' started.","nodeID":"steedos-primary","ns":"steedos","mod":"translations","svc":"translations"}
{"ts":1661226108512,"level":"info","msg":"Service(s) 'metadata' are available.","nodeID":"steedos-primary","ns":"steedos","mod":"triggers","svc":"triggers"}
{"ts":1661226108515,"level":"info","msg":"'triggers' service is registered.","nodeID":"steedos-primary","ns":"steedos","mod":"registry"}
{"ts":1661226108515,"level":"info","msg":"Service 'triggers' started.","nodeID":"steedos-primary","ns":"steedos","mod":"triggers","svc":"triggers"}
{"ts":1661226108515,"level":"info","msg":"Service(s) 'metadata' are available.","nodeID":"steedos-primary","ns":"steedos","mod":"queries","svc":"queries"}
{"ts":1661226108517,"level":"info","msg":"'queries' service is registered.","nodeID":"steedos-primary","ns":"steedos","mod":"registry"}
{"ts":1661226108518,"level":"info","msg":"Service 'queries' started.","nodeID":"steedos-primary","ns":"steedos","mod":"queries","svc":"queries"}
{"ts":1661226108518,"level":"info","msg":"Service(s) 'metadata' are available.","nodeID":"steedos-primary","ns":"steedos","mod":"charts","svc":"charts"}
{"ts":1661226108520,"level":"info","msg":"'charts' service is registered.","nodeID":"steedos-primary","ns":"steedos","mod":"registry"}
{"ts":1661226108520,"level":"info","msg":"Service 'charts' started.","nodeID":"steedos-primary","ns":"steedos","mod":"charts","svc":"charts"}
{"ts":1661226108520,"level":"info","msg":"Service(s) 'metadata' are available.","nodeID":"steedos-primary","ns":"steedos","mod":"pages","svc":"pages"}
{"ts":1661226108522,"level":"info","msg":"'pages' service is registered.","nodeID":"steedos-primary","ns":"steedos","mod":"registry"}
{"ts":1661226108522,"level":"info","msg":"Service 'pages' started.","nodeID":"steedos-primary","ns":"steedos","mod":"pages","svc":"pages"}
{"ts":1661226108522,"level":"info","msg":"Service(s) 'metadata' are available.","nodeID":"steedos-primary","ns":"steedos","mod":"share_rules","svc":"share_rules"}
{"ts":1661226108526,"level":"info","msg":"'share_rules' service is registered.","nodeID":"steedos-primary","ns":"steedos","mod":"registry"}
{"ts":1661226108526,"level":"info","msg":"Service 'share_rules' started.","nodeID":"steedos-primary","ns":"steedos","mod":"share_rules","svc":"share_rules"}
{"ts":1661226108526,"level":"info","msg":"Service(s) 'metadata' are available.","nodeID":"steedos-primary","ns":"steedos","mod":"restriction_rules","svc":"restriction_rules"}
{"ts":1661226108529,"level":"info","msg":"'restriction_rules' service is registered.","nodeID":"steedos-primary","ns":"steedos","mod":"registry"}
{"ts":1661226108530,"level":"info","msg":"Service 'restriction_rules' started.","nodeID":"steedos-primary","ns":"steedos","mod":"restriction_rules","svc":"restriction_rules"}
{"ts":1661226108530,"level":"info","msg":"Service(s) 'metadata' are available.","nodeID":"steedos-primary","ns":"steedos","mod":"permission_fields","svc":"permission_fields"}
{"ts":1661226108532,"level":"info","msg":"'permission_fields' service is registered.","nodeID":"steedos-primary","ns":"steedos","mod":"registry"}
{"ts":1661226108533,"level":"info","msg":"Service 'permission_fields' started.","nodeID":"steedos-primary","ns":"steedos","mod":"permission_fields","svc":"permission_fields"}
{"ts":1661226108533,"level":"info","msg":"Service(s) 'metadata' are available.","nodeID":"steedos-primary","ns":"steedos","mod":"process","svc":"process"}
{"ts":1661226108535,"level":"info","msg":"'process' service is registered.","nodeID":"steedos-primary","ns":"steedos","mod":"registry"}
{"ts":1661226108536,"level":"info","msg":"Service 'process' started.","nodeID":"steedos-primary","ns":"steedos","mod":"process","svc":"process"}
{"ts":1661226108536,"level":"info","msg":"Service(s) 'metadata' are available.","nodeID":"steedos-primary","ns":"steedos","mod":"processTrigger","svc":"processTrigger"}
{"ts":1661226108537,"level":"info","msg":"'processTrigger' service is registered.","nodeID":"steedos-primary","ns":"steedos","mod":"registry"}
{"ts":1661226108537,"level":"info","msg":"Service 'processTrigger' started.","nodeID":"steedos-primary","ns":"steedos","mod":"processTrigger","svc":"processTrigger"}
{"ts":1661226108537,"level":"info","msg":"Service(s) 'metadata, apps, objects, permissionsets, translations, triggers' are available.","nodeID":"steedos-primary","ns":"steedos","mod":"broker"}
{"ts":1661226108540,"level":"info","msg":"'metadata-server' service is registered.","nodeID":"steedos-primary","ns":"steedos","mod":"registry"}
{"ts":1661226108540,"level":"info","msg":"Service 'metadata-server' started.","nodeID":"steedos-primary","ns":"steedos","mod":"metadata-server","svc":"metadata-server"}
{"ts":1661226109539,"level":"info","msg":"Service(s) 'metadata-server' are available.","nodeID":"steedos-primary","ns":"steedos","mod":"steedos-server","svc":"steedos-server"}
{"ts":1661226110672,"level":"info","msg":"Waiting for service(s) 'metadata-server'...","nodeID":"steedos-primary","ns":"steedos","mod":"~packages-standard-objects","svc":"~packages-standard-objects"}
{"ts":1661226110673,"level":"info","msg":"Service(s) 'metadata-server' are available.","nodeID":"steedos-primary","ns":"steedos","mod":"~packages-standard-objects","svc":"~packages-standard-objects"}
{"ts":1661226110674,"level":"info","msg":"Waiting for service(s) '~dataSource-meteor'...","nodeID":"steedos-primary","ns":"steedos","mod":"broker"}
{"ts":1661226110677,"level":"info","msg":"'~dataSource-meteor' service is registered.","nodeID":"steedos-primary","ns":"steedos","mod":"registry"}
{"ts":1661226110679,"level":"info","msg":"Service '~dataSource-meteor' started.","nodeID":"steedos-primary","ns":"steedos","mod":"~dataSource-meteor","svc":"~dataSource-meteor"}
{"ts":1661226110687,"level":"info","msg":"Service(s) '~dataSource-meteor' are available.","nodeID":"steedos-primary","ns":"steedos","mod":"broker"}
{"ts":1661226111342,"level":"info","msg":"'@OAuth2AccessTokens' service is registered.","nodeID":"steedos-primary","ns":"steedos","mod":"registry"}
{"ts":1661226111348,"level":"info","msg":"'@OAuth2Clients' service is registered.","nodeID":"steedos-primary","ns":"steedos","mod":"registry"}
{"ts":1661226111349,"level":"info","msg":"Service '@OAuth2AccessTokens' started.","nodeID":"steedos-primary","ns":"steedos","mod":"@OAuth2AccessTokens","svc":"@OAuth2AccessTokens"}
{"ts":1661226111350,"level":"info","msg":"Service '@OAuth2Clients' started.","nodeID":"steedos-primary","ns":"steedos","mod":"@OAuth2Clients","svc":"@OAuth2Clients"}
{"ts":1661226111379,"level":"info","msg":"'@audit_login' service is registered.","nodeID":"steedos-primary","ns":"steedos","mod":"registry"}
{"ts":1661226111384,"level":"info","msg":"Service '@audit_login' started.","nodeID":"steedos-primary","ns":"steedos","mod":"@audit_login","svc":"@audit_login"}
{"ts":1661226111421,"level":"info","msg":"'@audit_records' service is registered.","nodeID":"steedos-primary","ns":"steedos","mod":"registry"}
{"ts":1661226111435,"level":"info","msg":"Service '@audit_records' started.","nodeID":"steedos-primary","ns":"steedos","mod":"@audit_records","svc":"@audit_records"}
{"ts":1661226111442,"level":"info","msg":"'@autonumber' service is registered.","nodeID":"steedos-primary","ns":"steedos","mod":"registry"}
{"ts":1661226111448,"level":"info","msg":"Service '@autonumber' started.","nodeID":"steedos-primary","ns":"steedos","mod":"@autonumber","svc":"@autonumber"}
{"ts":1661226111486,"level":"info","msg":"'@base' service is registered.","nodeID":"steedos-primary","ns":"steedos","mod":"registry"}
{"ts":1661226111496,"level":"info","msg":"Service '@base' started.","nodeID":"steedos-primary","ns":"steedos","mod":"@base","svc":"@base"}
{"ts":1661226111504,"level":"info","msg":"'@billing_pay_records' service is registered.","nodeID":"steedos-primary","ns":"steedos","mod":"registry"}
{"ts":1661226111505,"level":"info","msg":"Service '@billing_pay_records' started.","nodeID":"steedos-primary","ns":"steedos","mod":"@billing_pay_records","svc":"@billing_pay_records"}
{"ts":1661226111532,"level":"info","msg":"'@business_hours' service is registered.","nodeID":"steedos-primary","ns":"steedos","mod":"registry"}
{"ts":1661226111533,"level":"info","msg":"Service '@business_hours' started.","nodeID":"steedos-primary","ns":"steedos","mod":"@business_hours","svc":"@business_hours"}
{"ts":1661226111555,"level":"info","msg":"'@cfs_files_filerecord' service is registered.","nodeID":"steedos-primary","ns":"steedos","mod":"registry"}
{"ts":1661226111556,"level":"info","msg":"Service '@cfs_files_filerecord' started.","nodeID":"steedos-primary","ns":"steedos","mod":"@cfs_files_filerecord","svc":"@cfs_files_filerecord"}
{"ts":1661226111577,"level":"info","msg":"'@cfs_images_filerecord' service is registered.","nodeID":"steedos-primary","ns":"steedos","mod":"registry"}
{"ts":1661226111578,"level":"info","msg":"Service '@cfs_images_filerecord' started.","nodeID":"steedos-primary","ns":"steedos","mod":"@cfs_images_filerecord","svc":"@cfs_images_filerecord"}
{"ts":1661226111607,"level":"info","msg":"'@cms_files' service is registered.","nodeID":"steedos-primary","ns":"steedos","mod":"registry"}
{"ts":1661226111613,"level":"info","msg":"Service '@cms_files' started.","nodeID":"steedos-primary","ns":"steedos","mod":"@cms_files","svc":"@cms_files"}
{"ts":1661226111632,"level":"info","msg":"'@company' service is registered.","nodeID":"steedos-primary","ns":"steedos","mod":"registry"}
{"ts":1661226111636,"level":"info","msg":"Service '@company' started.","nodeID":"steedos-primary","ns":"steedos","mod":"@company","svc":"@company"}
{"ts":1661226111685,"level":"info","msg":"'@connected_apps' service is registered.","nodeID":"steedos-primary","ns":"steedos","mod":"registry"}
{"ts":1661226111695,"level":"info","msg":"'@core' service is registered.","nodeID":"steedos-primary","ns":"steedos","mod":"registry"}
{"ts":1661226111696,"level":"info","msg":"Service '@connected_apps' started.","nodeID":"steedos-primary","ns":"steedos","mod":"@connected_apps","svc":"@connected_apps"}
{"ts":1661226111697,"level":"info","msg":"Service '@core' started.","nodeID":"steedos-primary","ns":"steedos","mod":"@core","svc":"@core"}
{"ts":1661226111725,"level":"info","msg":"'@dashboard' service is registered.","nodeID":"steedos-primary","ns":"steedos","mod":"registry"}
{"ts":1661226111729,"level":"info","msg":"Service '@dashboard' started.","nodeID":"steedos-primary","ns":"steedos","mod":"@dashboard","svc":"@dashboard"}
{"ts":1661226111740,"level":"info","msg":"'@favorites' service is registered.","nodeID":"steedos-primary","ns":"steedos","mod":"registry"}
{"ts":1661226111742,"level":"info","msg":"Service '@favorites' started.","nodeID":"steedos-primary","ns":"steedos","mod":"@favorites","svc":"@favorites"}
{"ts":1661226111769,"level":"info","msg":"'@follows' service is registered.","nodeID":"steedos-primary","ns":"steedos","mod":"registry"}
{"ts":1661226111773,"level":"info","msg":"Service '@follows' started.","nodeID":"steedos-primary","ns":"steedos","mod":"@follows","svc":"@follows"}
{"ts":1661226111782,"level":"info","msg":"'@holidays' service is registered.","nodeID":"steedos-primary","ns":"steedos","mod":"registry"}
{"ts":1661226111783,"level":"info","msg":"Service '@holidays' started.","nodeID":"steedos-primary","ns":"steedos","mod":"@holidays","svc":"@holidays"}
{"ts":1661226111813,"level":"info","msg":"'@license' service is registered.","nodeID":"steedos-primary","ns":"steedos","mod":"registry"}
{"ts":1661226111817,"level":"info","msg":"Service '@license' started.","nodeID":"steedos-primary","ns":"steedos","mod":"@license","svc":"@license"}
{"ts":1661226111833,"level":"info","msg":"'@license_auth_token' service is registered.","nodeID":"steedos-primary","ns":"steedos","mod":"registry"}
{"ts":1661226111837,"level":"info","msg":"Service '@license_auth_token' started.","nodeID":"steedos-primary","ns":"steedos","mod":"@license_auth_token","svc":"@license_auth_token"}
{"ts":1661226111864,"level":"info","msg":"'@notifications' service is registered.","nodeID":"steedos-primary","ns":"steedos","mod":"registry"}
{"ts":1661226111870,"level":"info","msg":"Service '@notifications' started.","nodeID":"steedos-primary","ns":"steedos","mod":"@notifications","svc":"@notifications"}
{"ts":1661226111880,"level":"info","msg":"'@object_recent_viewed' service is registered.","nodeID":"steedos-primary","ns":"steedos","mod":"registry"}
{"ts":1661226111881,"level":"info","msg":"Service '@object_recent_viewed' started.","nodeID":"steedos-primary","ns":"steedos","mod":"@object_recent_viewed","svc":"@object_recent_viewed"}
{"ts":1661226111911,"level":"info","msg":"'@object_webhooks' service is registered.","nodeID":"steedos-primary","ns":"steedos","mod":"registry"}
{"ts":1661226111915,"level":"info","msg":"Service '@object_webhooks' started.","nodeID":"steedos-primary","ns":"steedos","mod":"@object_webhooks","svc":"@object_webhooks"}
{"ts":1661226111929,"level":"info","msg":"'@object_workflows' service is registered.","nodeID":"steedos-primary","ns":"steedos","mod":"registry"}
{"ts":1661226111930,"level":"info","msg":"Service '@object_workflows' started.","nodeID":"steedos-primary","ns":"steedos","mod":"@object_workflows","svc":"@object_workflows"}
{"ts":1661226111960,"level":"info","msg":"'@organizations' service is registered.","nodeID":"steedos-primary","ns":"steedos","mod":"registry"}
{"ts":1661226111969,"level":"info","msg":"Service '@organizations' started.","nodeID":"steedos-primary","ns":"steedos","mod":"@organizations","svc":"@organizations"}
{"ts":1661226111990,"level":"info","msg":"'@picklist_options' service is registered.","nodeID":"steedos-primary","ns":"steedos","mod":"registry"}
{"ts":1661226111991,"level":"info","msg":"Service '@picklist_options' started.","nodeID":"steedos-primary","ns":"steedos","mod":"@picklist_options","svc":"@picklist_options"}
{"ts":1661226112033,"level":"info","msg":"'@picklists' service is registered.","nodeID":"steedos-primary","ns":"steedos","mod":"registry"}
{"ts":1661226112040,"level":"info","msg":"Service '@picklists' started.","nodeID":"steedos-primary","ns":"steedos","mod":"@picklists","svc":"@picklists"}
{"ts":1661226112055,"level":"info","msg":"'@queue_import' service is registered.","nodeID":"steedos-primary","ns":"steedos","mod":"registry"}
{"ts":1661226112058,"level":"info","msg":"Service '@queue_import' started.","nodeID":"steedos-primary","ns":"steedos","mod":"@queue_import","svc":"@queue_import"}
{"ts":1661226112122,"level":"info","msg":"'@queue_import_history' service is registered.","nodeID":"steedos-primary","ns":"steedos","mod":"registry"}
{"ts":1661226112124,"level":"info","msg":"Service '@queue_import_history' started.","nodeID":"steedos-primary","ns":"steedos","mod":"@queue_import_history","svc":"@queue_import_history"}
{"ts":1661226112147,"level":"info","msg":"'@roles' service is registered.","nodeID":"steedos-primary","ns":"steedos","mod":"registry"}
{"ts":1661226112151,"level":"info","msg":"Service '@roles' started.","nodeID":"steedos-primary","ns":"steedos","mod":"@roles","svc":"@roles"}
{"ts":1661226112215,"level":"info","msg":"'@sessions' service is registered.","nodeID":"steedos-primary","ns":"steedos","mod":"registry"}
{"ts":1661226112216,"level":"info","msg":"Service '@sessions' started.","nodeID":"steedos-primary","ns":"steedos","mod":"@sessions","svc":"@sessions"}
{"ts":1661226112251,"level":"info","msg":"'@settings' service is registered.","nodeID":"steedos-primary","ns":"steedos","mod":"registry"}
{"ts":1661226112253,"level":"info","msg":"Service '@settings' started.","nodeID":"steedos-primary","ns":"steedos","mod":"@settings","svc":"@settings"}
{"ts":1661226112308,"level":"info","msg":"'@space_users' service is registered.","nodeID":"steedos-primary","ns":"steedos","mod":"registry"}
{"ts":1661226112322,"level":"info","msg":"Service '@space_users' started.","nodeID":"steedos-primary","ns":"steedos","mod":"@space_users","svc":"@space_users"}
{"ts":1661226112369,"level":"info","msg":"'@spaces' service is registered.","nodeID":"steedos-primary","ns":"steedos","mod":"registry"}
{"ts":1661226112373,"level":"info","msg":"Service '@spaces' started.","nodeID":"steedos-primary","ns":"steedos","mod":"@spaces","svc":"@spaces"}
{"ts":1661226112502,"level":"info","msg":"'@users' service is registered.","nodeID":"steedos-primary","ns":"steedos","mod":"registry"}
{"ts":1661226112511,"level":"info","msg":"Service '@users' started.","nodeID":"steedos-primary","ns":"steedos","mod":"@users","svc":"@users"}
{"ts":1661226112639,"level":"info","msg":"'@users_verify_code' service is registered.","nodeID":"steedos-primary","ns":"steedos","mod":"registry"}
{"ts":1661226112643,"level":"info","msg":"Service '@users_verify_code' started.","nodeID":"steedos-primary","ns":"steedos","mod":"@users_verify_code","svc":"@users_verify_code"}
{"ts":1661226112699,"level":"info","msg":"'@web_forms' service is registered.","nodeID":"steedos-primary","ns":"steedos","mod":"registry"}
{"ts":1661226112704,"level":"info","msg":"Service '@web_forms' started.","nodeID":"steedos-primary","ns":"steedos","mod":"@web_forms","svc":"@web_forms"}
{"ts":1661226112763,"level":"info","msg":"'@accounts' service is registered.","nodeID":"steedos-primary","ns":"steedos","mod":"registry"}
{"ts":1661226112765,"level":"info","msg":"Service '@accounts' started.","nodeID":"steedos-primary","ns":"steedos","mod":"@accounts","svc":"@accounts"}
{"ts":1661226112825,"level":"info","msg":"'@contacts' service is registered.","nodeID":"steedos-primary","ns":"steedos","mod":"registry"}
{"ts":1661226112831,"level":"info","msg":"Service '@contacts' started.","nodeID":"steedos-primary","ns":"steedos","mod":"@contacts","svc":"@contacts"}
{"ts":1661226112856,"level":"info","msg":"'@space_users_invite' service is registered.","nodeID":"steedos-primary","ns":"steedos","mod":"registry"}
{"ts":1661226112858,"level":"info","msg":"Service '@space_users_invite' started.","nodeID":"steedos-primary","ns":"steedos","mod":"@space_users_invite","svc":"@space_users_invite"}
{"ts":1661226112924,"level":"info","msg":"'@object_webhooks_queue' service is registered.","nodeID":"steedos-primary","ns":"steedos","mod":"registry"}
{"ts":1661226112925,"level":"info","msg":"Service '@object_webhooks_queue' started.","nodeID":"steedos-primary","ns":"steedos","mod":"@object_webhooks_queue","svc":"@object_webhooks_queue"}
{"ts":1661226112983,"level":"info","msg":"'@approvals' service is registered.","nodeID":"steedos-primary","ns":"steedos","mod":"registry"}
{"ts":1661226112984,"level":"info","msg":"Service '@approvals' started.","nodeID":"steedos-primary","ns":"steedos","mod":"@approvals","svc":"@approvals"}
{"ts":1661226113004,"level":"info","msg":"'@categories' service is registered.","nodeID":"steedos-primary","ns":"steedos","mod":"registry"}
{"ts":1661226113008,"level":"info","msg":"Service '@categories' started.","nodeID":"steedos-primary","ns":"steedos","mod":"@categories","svc":"@categories"}
{"ts":1661226113050,"level":"info","msg":"'@flow_positions' service is registered.","nodeID":"steedos-primary","ns":"steedos","mod":"registry"}
{"ts":1661226113061,"level":"info","msg":"Service '@flow_positions' started.","nodeID":"steedos-primary","ns":"steedos","mod":"@flow_positions","svc":"@flow_positions"}
{"ts":1661226113103,"level":"info","msg":"'@flow_roles' service is registered.","nodeID":"steedos-primary","ns":"steedos","mod":"registry"}
{"ts":1661226113105,"level":"info","msg":"Service '@flow_roles' started.","nodeID":"steedos-primary","ns":"steedos","mod":"@flow_roles","svc":"@flow_roles"}
{"ts":1661226113208,"level":"info","msg":"'@flows' service is registered.","nodeID":"steedos-primary","ns":"steedos","mod":"registry"}
{"ts":1661226113230,"level":"info","msg":"Service '@flows' started.","nodeID":"steedos-primary","ns":"steedos","mod":"@flows","svc":"@flows"}
{"ts":1661226113296,"level":"info","msg":"'@forms' service is registered.","nodeID":"steedos-primary","ns":"steedos","mod":"registry"}
{"ts":1661226113298,"level":"info","msg":"Service '@forms' started.","nodeID":"steedos-primary","ns":"steedos","mod":"@forms","svc":"@forms"}
{"ts":1661226113344,"level":"info","msg":"'@instance_number_rules' service is registered.","nodeID":"steedos-primary","ns":"steedos","mod":"registry"}
{"ts":1661226113344,"level":"info","msg":"Service '@instance_number_rules' started.","nodeID":"steedos-primary","ns":"steedos","mod":"@instance_number_rules","svc":"@instance_number_rules"}
{"ts":1661226113397,"level":"info","msg":"'@instances' service is registered.","nodeID":"steedos-primary","ns":"steedos","mod":"registry"}
{"ts":1661226113398,"level":"info","msg":"Service '@instances' started.","nodeID":"steedos-primary","ns":"steedos","mod":"@instances","svc":"@instances"}
{"ts":1661226113452,"level":"info","msg":"'@instances_statistic' service is registered.","nodeID":"steedos-primary","ns":"steedos","mod":"registry"}
{"ts":1661226113455,"level":"info","msg":"Service '@instances_statistic' started.","nodeID":"steedos-primary","ns":"steedos","mod":"@instances_statistic","svc":"@instances_statistic"}
{"ts":1661226113500,"level":"info","msg":"'@process_delegation_rules' service is registered.","nodeID":"steedos-primary","ns":"steedos","mod":"registry"}
{"ts":1661226113503,"level":"info","msg":"Service '@process_delegation_rules' started.","nodeID":"steedos-primary","ns":"steedos","mod":"@process_delegation_rules","svc":"@process_delegation_rules"}
{"ts":1661226113547,"level":"info","msg":"'@space_user_signs' service is registered.","nodeID":"steedos-primary","ns":"steedos","mod":"registry"}
{"ts":1661226113553,"level":"info","msg":"Service '@space_user_signs' started.","nodeID":"steedos-primary","ns":"steedos","mod":"@space_user_signs","svc":"@space_user_signs"}
{"ts":1661226113583,"level":"info","msg":"'@webhooks' service is registered.","nodeID":"steedos-primary","ns":"steedos","mod":"registry"}
{"ts":1661226113584,"level":"info","msg":"Service '@webhooks' started.","nodeID":"steedos-primary","ns":"steedos","mod":"@webhooks","svc":"@webhooks"}
{"ts":1661226113632,"level":"info","msg":"'@api_keys' service is registered.","nodeID":"steedos-primary","ns":"steedos","mod":"registry"}
{"ts":1661226113634,"level":"info","msg":"Service '@api_keys' started.","nodeID":"steedos-primary","ns":"steedos","mod":"@api_keys","svc":"@api_keys"}
{"ts":1661226113686,"level":"info","msg":"'@imported_package' service is registered.","nodeID":"steedos-primary","ns":"steedos","mod":"registry"}
{"ts":1661226113693,"level":"info","msg":"Service '@imported_package' started.","nodeID":"steedos-primary","ns":"steedos","mod":"@imported_package","svc":"@imported_package"}
{"ts":1661226113727,"level":"info","msg":"'@package' service is registered.","nodeID":"steedos-primary","ns":"steedos","mod":"registry"}
{"ts":1661226113729,"level":"info","msg":"Service '@package' started.","nodeID":"steedos-primary","ns":"steedos","mod":"@package","svc":"@package"}
{"ts":1661226113792,"level":"info","msg":"'@package_type_members' service is registered.","nodeID":"steedos-primary","ns":"steedos","mod":"registry"}
{"ts":1661226113794,"level":"info","msg":"Service '@package_type_members' started.","nodeID":"steedos-primary","ns":"steedos","mod":"@package_type_members","svc":"@package_type_members"}
{"ts":1661226113952,"level":"info","msg":"'@package_version' service is registered.","nodeID":"steedos-primary","ns":"steedos","mod":"registry"}
{"ts":1661226113953,"level":"info","msg":"Service '@package_version' started.","nodeID":"steedos-primary","ns":"steedos","mod":"@package_version","svc":"@package_version"}
{"ts":1661226114260,"level":"info","msg":"'~packages-standard-objects' service is registered.","nodeID":"steedos-primary","ns":"steedos","mod":"registry"}
{"ts":1661226114292,"level":"info","msg":"'~triggers-~packages-standard-objects' service is registered.","nodeID":"steedos-primary","ns":"steedos","mod":"registry"}
{"ts":1661226114292,"level":"info","msg":"Service '~packages-standard-objects' started.","nodeID":"steedos-primary","ns":"steedos","mod":"~packages-standard-objects","svc":"~packages-standard-objects"}
{"ts":1661226114294,"level":"info","msg":"Service '~triggers-~packages-standard-objects' started.","nodeID":"steedos-primary","ns":"steedos","mod":"~triggers-~packages-standard-objects","svc":"~triggers-~packages-standard-objects"}
{"ts":1661226114309,"level":"info","msg":"Waiting for service(s) '~packages-@steedos/webapp-public'...","nodeID":"steedos-primary","ns":"steedos","mod":"broker"}
{"ts":1661226114310,"level":"info","msg":"Waiting for service(s) 'metadata-server, ~packages-project-server'...","nodeID":"steedos-primary","ns":"steedos","mod":"~packages-@steedos/webapp-public","svc":"~packages-@steedos/webapp-public"}
{"ts":1661226114694,"level":"info","msg":"Service(s) '~packages-standard-objects, @steedos/service-package-license' are available.","nodeID":"steedos-primary","ns":"steedos","mod":"~packages-project-server","svc":"~packages-project-server"}
{"ts":1661226114814,"level":"info","msg":"Waiting for service(s) 'metadata-server, ~packages-project-server'...","nodeID":"steedos-primary","ns":"steedos","mod":"~packages-@steedos-labs/experience","svc":"~packages-@steedos-labs/experience"}
{"ts":1661226124492,"level":"warn","msg":"Clear all cache entries on startup.","nodeID":"steedos-primary","ns":"steedos","mod":"broker"}
{"ts":1661226250060,"level":"warn","msg":"Clear all cache entries on startup.","nodeID":"steedos-primary","ns":"steedos","mod":"broker"}
{"ts":1661226386526,"level":"error","msg":"amis_s1 is not found in the objects of app amis_test ","nodeID":"steedos-primary","ns":"steedos","mod":"broker"}
{"ts":1661226420667,"level":"warn","msg":"Clear all cache entries on startup.","nodeID":"steedos-primary","ns":"steedos","mod":"broker"}
{"ts":1661226453671,"level":"warn","msg":"Clear all cache entries on startup.","nodeID":"steedos-primary","ns":"steedos","mod":"broker"}
{"ts":1661226620951,"level":"error","msg":"finance_invoice is not found in the objects of app projects_ee ","nodeID":"steedos-primary","ns":"steedos","mod":"broker"}
{"ts":1661226620951,"level":"error","msg":"finance_receive is not found in the objects of app projects_ee ","nodeID":"steedos-primary","ns":"steedos","mod":"broker"}
{"ts":1661226620952,"level":"error","msg":"finance_receipt is not found in the objects of app projects_ee ","nodeID":"steedos-primary","ns":"steedos","mod":"broker"}
{"ts":1661226620952,"level":"error","msg":"finance_payment is not found in the objects of app projects_ee ","nodeID":"steedos-primary","ns":"steedos","mod":"broker"}
{"ts":1661226620972,"level":"error","msg":"finance_invoice is not found in the objects of app contracts_ee ","nodeID":"steedos-primary","ns":"steedos","mod":"broker"}
{"ts":1661226620973,"level":"error","msg":"finance_receive is not found in the objects of app contracts_ee ","nodeID":"steedos-primary","ns":"steedos","mod":"broker"}
{"ts":1661226620973,"level":"error","msg":"finance_receipt is not found in the objects of app contracts_ee ","nodeID":"steedos-primary","ns":"steedos","mod":"broker"}
{"ts":1661226620973,"level":"error","msg":"finance_payment is not found in the objects of app contracts_ee ","nodeID":"steedos-primary","ns":"steedos","mod":"broker"}
{"ts":1661226620975,"level":"error","msg":"official_document_type is not found in the objects of app master ","nodeID":"steedos-primary","ns":"steedos","mod":"broker"}
{"ts":1661226653957,"level":"error","msg":"official_document_type is not found in the objects of app master ","nodeID":"steedos-primary","ns":"steedos","mod":"broker"}
{"ts":1661226659786,"level":"error","msg":"official_document_type is not found in the objects of app master ","nodeID":"steedos-primary","ns":"steedos","mod":"broker"}
{"ts":1661226724250,"level":"warn","msg":"Clear all cache entries on startup.","nodeID":"steedos-primary","ns":"steedos","mod":"broker"}
{"ts":1661226743651,"level":"warn","msg":"Clear all cache entries on startup.","nodeID":"steedos-primary","ns":"steedos","mod":"broker"}
{"ts":1661227192216,"level":"warn","msg":"Clear all cache entries on startup.","nodeID":"steedos-primary","ns":"steedos","mod":"broker"}
{"ts":1661227353933,"level":"error","msg":"official_document_type is not found in the objects of app master ","nodeID":"steedos-primary","ns":"steedos","mod":"broker"}
{"ts":1661231498680,"level":"error","msg":"official_document_type is not found in the objects of app master ","nodeID":"steedos-primary","ns":"steedos","mod":"broker"}
{"ts":1661231504283,"level":"error","msg":"official_document_type is not found in the objects of app master ","nodeID":"steedos-primary","ns":"steedos","mod":"broker"}
{"ts":1661236812150,"level":"error","msg":"official_document_type is not found in the objects of app master ","nodeID":"steedos-primary","ns":"steedos","mod":"broker"}
{"ts":1661236928981,"level":"warn","msg":"Clear all cache entries on startup.","nodeID":"steedos-primary","ns":"steedos","mod":"broker"}
{"ts":1661237086089,"level":"warn","msg":"Clear all cache entries on startup.","nodeID":"steedos-primary","ns":"steedos","mod":"broker"}
{"ts":1661237114557,"level":"warn","msg":"Clear all cache entries on startup.","nodeID":"steedos-primary","ns":"steedos","mod":"broker"}
{"ts":1661237137309,"level":"warn","msg":"Clear all cache entries on startup.","nodeID":"steedos-primary","ns":"steedos","mod":"broker"}
{"ts":1661237169419,"level":"error","msg":"official_document_type is not found in the objects of app master ","nodeID":"steedos-primary","ns":"steedos","mod":"broker"}
